<?xml version="1.0" encoding="UTF-8"?>
<testng-results skipped="0" failed="0" total="3" passed="3">
  <reporter-output>
  </reporter-output>
  <suite name="Command line suite" duration-ms="74811" started-at="2020-04-16T13:48:19Z" finished-at="2020-04-16T13:49:33Z">
    <groups>
      <group name="cucumber">
        <method signature="AbstractTestNGCucumberTests.runScenario(io.cucumber.testng.PickleWrapper, io.cucumber.testng.FeatureWrapper)[pri:0, instance:automation.TestRunner@54a097cc]" name="runScenario" class="io.cucumber.testng.AbstractTestNGCucumberTests"/>
      </group> <!-- cucumber -->
    </groups>
    <test name="Command line test" duration-ms="74811" started-at="2020-04-16T13:48:19Z" finished-at="2020-04-16T13:49:33Z">
      <class name="automation.TestRunner">
        <test-method status="PASS" signature="setUpClass()[pri:0, instance:automation.TestRunner@54a097cc]" name="setUpClass" is-config="true" duration-ms="416" started-at="2020-04-16T19:18:19Z" finished-at="2020-04-16T19:18:19Z">
          <reporter-output>
          </reporter-output>
        </test-method> <!-- setUpClass -->
        <test-method status="PASS" signature="runScenario(io.cucumber.testng.PickleWrapper, io.cucumber.testng.FeatureWrapper)[pri:0, instance:automation.TestRunner@54a097cc]" name="runScenario" duration-ms="17565" started-at="2020-04-16T19:18:19Z" description="Runs Cucumber Scenarios" data-provider="scenarios" finished-at="2020-04-16T19:18:37Z">
          <params>
            <param index="0">
              <value>
                <![CDATA["Search product in search bar"]]>
              </value>
            </param>
            <param index="1">
              <value>
                <![CDATA["AutomationPractice"]]>
              </value>
            </param>
          </params>
          <reporter-output>
          </reporter-output>
        </test-method> <!-- runScenario -->
        <test-method status="PASS" signature="runScenario(io.cucumber.testng.PickleWrapper, io.cucumber.testng.FeatureWrapper)[pri:0, instance:automation.TestRunner@54a097cc]" name="runScenario" duration-ms="23633" started-at="2020-04-16T19:18:37Z" description="Runs Cucumber Scenarios" data-provider="scenarios" finished-at="2020-04-16T19:19:00Z">
          <params>
            <param index="0">
              <value>
                <![CDATA["search product and add item to cart"]]>
              </value>
            </param>
            <param index="1">
              <value>
                <![CDATA["AutomationPractice"]]>
              </value>
            </param>
          </params>
          <reporter-output>
          </reporter-output>
        </test-method> <!-- runScenario -->
        <test-method status="PASS" signature="runScenario(io.cucumber.testng.PickleWrapper, io.cucumber.testng.FeatureWrapper)[pri:0, instance:automation.TestRunner@54a097cc]" name="runScenario" duration-ms="33132" started-at="2020-04-16T19:19:00Z" description="Runs Cucumber Scenarios" data-provider="scenarios" finished-at="2020-04-16T19:19:33Z">
          <params>
            <param index="0">
              <value>
                <![CDATA["add more items and verify item and qunatity update"]]>
              </value>
            </param>
            <param index="1">
              <value>
                <![CDATA["AutomationPractice"]]>
              </value>
            </param>
          </params>
          <reporter-output>
          </reporter-output>
        </test-method> <!-- runScenario -->
        <test-method status="PASS" signature="tearDownClass()[pri:0, instance:automation.TestRunner@54a097cc]" name="tearDownClass" is-config="true" duration-ms="11" started-at="2020-04-16T19:19:33Z" finished-at="2020-04-16T19:19:33Z">
          <reporter-output>
          </reporter-output>
        </test-method> <!-- tearDownClass -->
      </class> <!-- automation.TestRunner -->
    </test> <!-- Command line test -->
  </suite> <!-- Command line suite -->
</testng-results>
