<?xml version="1.0" encoding="UTF-8"?>
<testng-results skipped="0" failed="0" total="3" passed="3">
  <reporter-output>
  </reporter-output>
  <suite name="All Test Suite" duration-ms="80865" started-at="2020-04-16T13:43:22Z" finished-at="2020-04-16T13:44:43Z">
    <groups>
      <group name="cucumber">
        <method signature="AbstractTestNGCucumberTests.runScenario(io.cucumber.testng.PickleWrapper, io.cucumber.testng.FeatureWrapper)[pri:0, instance:automation.TestRunner@5622fdf]" name="runScenario" class="io.cucumber.testng.AbstractTestNGCucumberTests"/>
      </group> <!-- cucumber -->
    </groups>
    <test name="Test" duration-ms="80865" started-at="2020-04-16T13:43:22Z" finished-at="2020-04-16T13:44:43Z">
      <class name="automation.TestRunner">
        <test-method status="PASS" signature="setUpClass()[pri:0, instance:automation.TestRunner@5622fdf]" name="setUpClass" is-config="true" duration-ms="457" started-at="2020-04-16T19:13:22Z" finished-at="2020-04-16T19:13:22Z">
          <reporter-output>
          </reporter-output>
        </test-method> <!-- setUpClass -->
        <test-method status="PASS" signature="runScenario(io.cucumber.testng.PickleWrapper, io.cucumber.testng.FeatureWrapper)[pri:0, instance:automation.TestRunner@5622fdf]" name="runScenario" duration-ms="17036" started-at="2020-04-16T19:13:22Z" description="Runs Cucumber Scenarios" data-provider="scenarios" finished-at="2020-04-16T19:13:39Z">
          <params>
            <param index="0">
              <value>
                <![CDATA["Search product in search bar"]]>
              </value>
            </param>
            <param index="1">
              <value>
                <![CDATA["AutomationPractice"]]>
              </value>
            </param>
          </params>
          <reporter-output>
          </reporter-output>
        </test-method> <!-- runScenario -->
        <test-method status="PASS" signature="runScenario(io.cucumber.testng.PickleWrapper, io.cucumber.testng.FeatureWrapper)[pri:0, instance:automation.TestRunner@5622fdf]" name="runScenario" duration-ms="25755" started-at="2020-04-16T19:13:39Z" description="Runs Cucumber Scenarios" data-provider="scenarios" finished-at="2020-04-16T19:14:05Z">
          <params>
            <param index="0">
              <value>
                <![CDATA["search product and add item to cart"]]>
              </value>
            </param>
            <param index="1">
              <value>
                <![CDATA["AutomationPractice"]]>
              </value>
            </param>
          </params>
          <reporter-output>
          </reporter-output>
        </test-method> <!-- runScenario -->
        <test-method status="PASS" signature="runScenario(io.cucumber.testng.PickleWrapper, io.cucumber.testng.FeatureWrapper)[pri:0, instance:automation.TestRunner@5622fdf]" name="runScenario" duration-ms="37561" started-at="2020-04-16T19:14:05Z" description="Runs Cucumber Scenarios" data-provider="scenarios" finished-at="2020-04-16T19:14:43Z">
          <params>
            <param index="0">
              <value>
                <![CDATA["add more items and verify item and qunatity update"]]>
              </value>
            </param>
            <param index="1">
              <value>
                <![CDATA["AutomationPractice"]]>
              </value>
            </param>
          </params>
          <reporter-output>
          </reporter-output>
        </test-method> <!-- runScenario -->
        <test-method status="PASS" signature="tearDownClass()[pri:0, instance:automation.TestRunner@5622fdf]" name="tearDownClass" is-config="true" duration-ms="10" started-at="2020-04-16T19:14:43Z" finished-at="2020-04-16T19:14:43Z">
          <reporter-output>
          </reporter-output>
        </test-method> <!-- tearDownClass -->
      </class> <!-- automation.TestRunner -->
    </test> <!-- Test -->
  </suite> <!-- All Test Suite -->
</testng-results>
