<?xml version="1.0" encoding="UTF-8"?>
<!-- Generated by org.testng.reporters.JUnitXMLReporter -->
<testsuite hostname="KSRINIVASAN-HP" name="Test" tests="3" failures="0" timestamp="16 Apr 2020 13:28:00 GMT" time="75.958" errors="0">
  <testcase name="runScenario" time="18.677" classname="automation.TestRunner"/>
  <testcase name="runScenario" time="24.458" classname="automation.TestRunner"/>
  <testcase name="runScenario" time="32.345" classname="automation.TestRunner"/>
</testsuite> <!-- Test -->
